2025-05-16 13:52:42,210 - ERROR - Application error: module 'serial' has no attribute 'SerialException'
2025-05-16 13:53:23,776 - ERROR - Application error: module 'serial' has no attribute 'SerialException'
2025-05-16 14:06:38,492 - INFO - Connected to PSM5000 on /dev/ttyS0
2025-05-16 14:06:40,495 - WARNING - Failed to read valid data
2025-05-16 14:06:43,497 - WARNING - Failed to read valid data
2025-05-16 14:06:46,500 - WARNING - Failed to read valid data
2025-05-16 14:06:49,502 - WARNING - Failed to read valid data
2025-05-16 14:06:52,504 - WARNING - Failed to read valid data
2025-05-16 14:06:55,507 - WARNING - Failed to read valid data
2025-05-16 14:06:58,509 - WARNING - Failed to read valid data
2025-05-16 14:07:01,511 - WARNING - Failed to read valid data
2025-05-16 14:07:04,035 - INFO - Continuous reading stopped by user
2025-05-16 14:07:04,037 - INFO - Disconnected from PSM5000
2025-05-16 14:07:06,342 - INFO - Connected to PSM5000 on /dev/ttyS0
2025-05-16 14:07:08,345 - WARNING - Failed to read valid data
2025-05-16 14:07:11,347 - WARNING - Failed to read valid data
2025-05-16 14:07:14,350 - WARNING - Failed to read valid data
2025-05-16 14:07:14,372 - INFO - Continuous reading stopped by user
2025-05-16 14:07:14,373 - INFO - Disconnected from PSM5000
2025-05-16 14:07:28,011 - INFO - Connected to PSM5000 on /dev/ttyS0
2025-05-16 14:07:30,014 - WARNING - Failed to read valid data
2025-05-16 14:07:33,016 - WARNING - Failed to read valid data
2025-05-16 14:07:36,019 - WARNING - Failed to read valid data
2025-05-16 14:07:39,021 - WARNING - Failed to read valid data
2025-05-16 14:07:42,024 - WARNING - Failed to read valid data
2025-05-16 14:07:42,874 - INFO - Continuous reading stopped by user
2025-05-16 14:07:42,876 - INFO - Disconnected from PSM5000
2025-05-16 14:08:03,988 - INFO - Connected to PSM5000 on /dev/ttyS0
2025-05-16 14:08:05,991 - WARNING - Failed to read valid data
2025-05-16 14:08:08,993 - WARNING - Failed to read valid data
2025-05-16 14:08:11,995 - WARNING - Failed to read valid data
2025-05-16 14:08:13,146 - INFO - Continuous reading stopped by user
2025-05-16 14:08:13,147 - INFO - Disconnected from PSM5000
2025-05-16 14:08:17,918 - INFO - Connected to PSM5000 on /dev/ttyS0
2025-05-16 14:08:19,922 - WARNING - Failed to read valid data
2025-05-16 14:08:22,924 - WARNING - Failed to read valid data
2025-05-16 14:08:25,926 - WARNING - Failed to read valid data
2025-05-16 14:08:28,929 - WARNING - Failed to read valid data
2025-05-16 14:08:31,932 - WARNING - Failed to read valid data
2025-05-16 14:08:34,934 - WARNING - Failed to read valid data
2025-05-16 14:08:37,936 - WARNING - Failed to read valid data
2025-05-16 14:08:39,757 - INFO - Continuous reading stopped by user
2025-05-16 14:08:39,758 - INFO - Disconnected from PSM5000
2025-05-16 14:08:41,561 - INFO - Connected to PSM5000 on /dev/ttyS0
2025-05-16 14:08:42,718 - WARNING - Failed to read valid data
2025-05-16 14:08:44,719 - INFO - PM1.0: 4.3 μg/m³, PM2.5: 4.6 μg/m³, PM10: 4.6 μg/m³
2025-05-16 14:08:46,721 - INFO - PM1.0: 4.3 μg/m³, PM2.5: 4.6 μg/m³, PM10: 4.6 μg/m³
2025-05-16 14:08:48,722 - INFO - PM1.0: 4.3 μg/m³, PM2.5: 4.6 μg/m³, PM10: 4.6 μg/m³
2025-05-16 14:08:49,538 - INFO - Continuous reading stopped by user
2025-05-16 14:08:49,539 - INFO - Disconnected from PSM5000
2025-05-16 14:09:15,636 - INFO - Connected to PSM5000 on /dev/ttyS0
2025-05-16 14:09:17,241 - WARNING - Failed to read valid data
2025-05-16 14:09:19,242 - INFO - PM1.0: 6.3 μg/m³, PM2.5: 6.8 μg/m³, PM10: 6.8 μg/m³
2025-05-16 14:09:21,243 - INFO - PM1.0: 6.4 μg/m³, PM2.5: 6.8 μg/m³, PM10: 6.8 μg/m³
2025-05-16 14:09:23,245 - INFO - PM1.0: 6.4 μg/m³, PM2.5: 6.8 μg/m³, PM10: 6.8 μg/m³
2025-05-16 14:09:25,246 - INFO - PM1.0: 6.4 μg/m³, PM2.5: 6.8 μg/m³, PM10: 6.8 μg/m³
2025-05-16 14:09:27,248 - INFO - PM1.0: 6.4 μg/m³, PM2.5: 6.8 μg/m³, PM10: 6.8 μg/m³
2025-05-16 14:09:29,249 - INFO - PM1.0: 6.4 μg/m³, PM2.5: 6.8 μg/m³, PM10: 6.8 μg/m³
2025-05-16 14:09:31,251 - INFO - PM1.0: 6.4 μg/m³, PM2.5: 6.8 μg/m³, PM10: 6.8 μg/m³
2025-05-16 14:09:33,252 - INFO - PM1.0: 6.4 μg/m³, PM2.5: 6.8 μg/m³, PM10: 6.8 μg/m³
2025-05-16 14:09:35,254 - INFO - PM1.0: 6.4 μg/m³, PM2.5: 6.8 μg/m³, PM10: 6.8 μg/m³
2025-05-16 14:09:37,255 - INFO - PM1.0: 6.4 μg/m³, PM2.5: 6.8 μg/m³, PM10: 6.8 μg/m³
2025-05-16 14:09:37,381 - INFO - Continuous reading stopped by user
2025-05-16 14:09:37,382 - INFO - Disconnected from PSM5000
